<?xml version="1.0" encoding="UTF-8"?>
<testsuite xmlns:xsi="http://www.w3.org/2001/XMLSchema-instance" xsi:noNamespaceSchemaLocation="https://maven.apache.org/surefire/maven-surefire-plugin/xsd/surefire-test-report.xsd" version="3.0.1" name="TestSuite" time="3.176" tests="3" errors="0" skipped="0" failures="0">
  <properties>
[...]
</properties>
  <testcase name="loginTest[rajaprasath, welcome](1)" classname="com.api.tests.LoginApiTest3" time="1.093">
    <system-out><![CDATA[16:40:03.945 [main] INFO  com.api.listeners.TestListener - Test Suite started..
16:40:04.463 [main] INFO  com.api.listeners.TestListener - Test Started!!! -> loginTest
16:40:04.463 [main] INFO  com.api.listeners.TestListener - Description!! -> 
16:40:05.107 [main] INFO  com.api.filters.LoggingFilter - BASE URI: http://64.227.160.186:8080
16:40:05.107 [main] INFO  com.api.filters.LoggingFilter - Request Header: Accept=*/*
Content-Type=application/json
16:40:05.107 [main] INFO  com.api.filters.LoggingFilter - Request Payload: {"username":"rajaprasath","password":"welcome"}
16:40:05.511 [main] INFO  com.api.filters.LoggingFilter - Status Code: 200
16:40:05.512 [main] INFO  com.api.filters.LoggingFilter - Response Header: Vary=Origin
Vary=Access-Control-Request-Method
Vary=Access-Control-Request-Headers
Access-Control-Allow-Origin=https://swift.techwithjatin.com
Access-Control-Allow-Methods=GET, POST, PUT, DELETE, OPTIONS
Access-Control-Max-Age=3600
Access-Control-Allow-Headers=Authorization, Content-Type, Accept
Access-Control-Allow-Credentials=true
X-Content-Type-Options=nosniff
X-XSS-Protection=0
Cache-Control=no-cache, no-store, max-age=0, must-revalidate
Pragma=no-cache
Expires=0
X-Frame-Options=DENY
Content-Type=application/json
Transfer-Encoding=chunked
Date=Sat, 06 Jun 2026 11:10:07 GMT
Keep-Alive=timeout=60
Connection=keep-alive
16:40:05.512 [main] INFO  com.api.filters.LoggingFilter - Response Body: io.restassured.internal.RestAssuredResponseImpl@2aa5bd48
16:40:05.553 [main] INFO  com.api.filters.LoggingFilter - {
    "token": "eyJhbGciOiJIUzI1NiJ9.eyJzdWIiOiJyYWphcHJhc2F0aCIsImlhdCI6MTc4MDc0NDIwNywiZXhwIjoxNzgwNzQ3ODA3fQ.Kxx9ntRBwmydVzOwI1oMbVSkg6807133on8SGisX6UA",
    "type": "Bearer",
    "id": 5199,
    "username": "rajaprasath",
    "email": "rajaprasath21@gmail.com",
    "roles": [
        "ROLE_USER"
    ]
}
16:40:05.554 [main] INFO  com.api.filters.LoggingFilter - eyJhbGciOiJIUzI1NiJ9.eyJzdWIiOiJyYWphcHJhc2F0aCIsImlhdCI6MTc4MDc0NDIwNywiZXhwIjoxNzgwNzQ3ODA3fQ.Kxx9ntRBwmydVzOwI1oMbVSkg6807133on8SGisX6UA
16:40:05.555 [main] INFO  com.api.filters.LoggingFilter - rajaprasath21@gmail.com
16:40:05.555 [main] INFO  com.api.filters.LoggingFilter - 5199
]]></system-out>
    <system-err><![CDATA[SLF4J: Failed to load class "org.slf4j.impl.StaticLoggerBinder".
SLF4J: Defaulting to no-operation (NOP) logger implementation
SLF4J: See http://www.slf4j.org/codes.html#StaticLoggerBinder for further details.
]]></system-err>
  </testcase>
  <testcase name="getProfileInfoTest[rajaprasath, welcome](1)" classname="com.api.tests.GetProfileRequestTest" time="0.342">
    <system-out><![CDATA[16:40:05.557 [main] INFO  com.api.listeners.TestListener - Test Passed!!! -> loginTest
16:40:05.557 [main] INFO  com.api.listeners.TestListener - Description!! -> 
16:40:05.575 [main] INFO  com.api.listeners.TestListener - Test Started!!! -> getProfileInfoTest
16:40:05.575 [main] INFO  com.api.listeners.TestListener - Description!! -> 
16:40:05.579 [main] INFO  com.api.filters.LoggingFilter - BASE URI: http://64.227.160.186:8080
16:40:05.579 [main] INFO  com.api.filters.LoggingFilter - Request Header: Accept=*/*
Content-Type=application/json
16:40:05.579 [main] INFO  com.api.filters.LoggingFilter - Request Payload: {"username":"rajaprasath","password":"welcome"}
16:40:05.780 [main] INFO  com.api.filters.LoggingFilter - Status Code: 200
16:40:05.780 [main] INFO  com.api.filters.LoggingFilter - Response Header: Vary=Origin
Vary=Access-Control-Request-Method
Vary=Access-Control-Request-Headers
Access-Control-Allow-Origin=https://swift.techwithjatin.com
Access-Control-Allow-Methods=GET, POST, PUT, DELETE, OPTIONS
Access-Control-Max-Age=3600
Access-Control-Allow-Headers=Authorization, Content-Type, Accept
Access-Control-Allow-Credentials=true
X-Content-Type-Options=nosniff
X-XSS-Protection=0
Cache-Control=no-cache, no-store, max-age=0, must-revalidate
Pragma=no-cache
Expires=0
X-Frame-Options=DENY
Content-Type=application/json
Transfer-Encoding=chunked
Date=Sat, 06 Jun 2026 11:10:07 GMT
Keep-Alive=timeout=60
Connection=keep-alive
16:40:05.781 [main] INFO  com.api.filters.LoggingFilter - Response Body: io.restassured.internal.RestAssuredResponseImpl@27bcb4ad
16:40:05.783 [main] INFO  com.api.filters.LoggingFilter - {
    "token": "eyJhbGciOiJIUzI1NiJ9.eyJzdWIiOiJyYWphcHJhc2F0aCIsImlhdCI6MTc4MDc0NDIwNywiZXhwIjoxNzgwNzQ3ODA3fQ.Kxx9ntRBwmydVzOwI1oMbVSkg6807133on8SGisX6UA",
    "type": "Bearer",
    "id": 5199,
    "username": "rajaprasath",
    "email": "rajaprasath21@gmail.com",
    "roles": [
        "ROLE_USER"
    ]
}
16:40:05.783 [main] INFO  com.api.filters.LoggingFilter - ----------------------------------
16:40:05.798 [main] INFO  com.api.filters.LoggingFilter - BASE URI: http://64.227.160.186:8080
16:40:05.798 [main] INFO  com.api.filters.LoggingFilter - Request Header: Authorization=Bearer eyJhbGciOiJIUzI1NiJ9.eyJzdWIiOiJyYWphcHJhc2F0aCIsImlhdCI6MTc4MDc0NDIwNywiZXhwIjoxNzgwNzQ3ODA3fQ.Kxx9ntRBwmydVzOwI1oMbVSkg6807133on8SGisX6UA
Accept=*/*
16:40:05.798 [main] INFO  com.api.filters.LoggingFilter - Request Payload: null
16:40:05.914 [main] INFO  com.api.filters.LoggingFilter - Status Code: 200
16:40:05.914 [main] INFO  com.api.filters.LoggingFilter - Response Header: Vary=Origin
Vary=Access-Control-Request-Method
Vary=Access-Control-Request-Headers
Access-Control-Allow-Origin=https://swift.techwithjatin.com
Access-Control-Allow-Methods=GET, POST, PUT, DELETE, OPTIONS
Access-Control-Max-Age=3600
Access-Control-Allow-Headers=Authorization, Content-Type, Accept
Access-Control-Allow-Credentials=true
X-Content-Type-Options=nosniff
X-XSS-Protection=0
Cache-Control=no-cache, no-store, max-age=0, must-revalidate
Pragma=no-cache
Expires=0
X-Frame-Options=DENY
Content-Type=application/json
Transfer-Encoding=chunked
Date=Sat, 06 Jun 2026 11:10:07 GMT
Keep-Alive=timeout=60
Connection=keep-alive
16:40:05.914 [main] INFO  com.api.filters.LoggingFilter - Response Body: io.restassured.internal.RestAssuredResponseImpl@5b332439
16:40:05.915 [main] INFO  com.api.filters.LoggingFilter - {
    "id": 5199,
    "username": "rajaprasath",
    "email": "rajaprasath21@gmail.com",
    "firstName": "rajaprasath",
    "lastName": "marimuthu",
    "mobileNumber": "1234567890"
}
16:40:05.917 [main] INFO  com.api.filters.LoggingFilter - rajaprasath
16:40:05.917 [main] INFO  com.api.filters.LoggingFilter - Username Validation Passed! : rajaprasath
]]></system-out>
  </testcase>
  <testcase name="updateProfileTest[rajaprasath, welcome](1)" classname="com.api.tests.UpdateProfileTest" time="0.489">
    <system-out><![CDATA[16:40:05.918 [main] INFO  com.api.listeners.TestListener - Test Passed!!! -> getProfileInfoTest
16:40:05.918 [main] INFO  com.api.listeners.TestListener - Description!! -> 
16:40:05.932 [main] INFO  com.api.listeners.TestListener - Test Started!!! -> updateProfileTest
16:40:05.932 [main] INFO  com.api.listeners.TestListener - Description!! -> 
16:40:05.939 [main] INFO  com.api.filters.LoggingFilter - BASE URI: http://64.227.160.186:8080
16:40:05.939 [main] INFO  com.api.filters.LoggingFilter - Request Header: Accept=*/*
Content-Type=application/json
16:40:05.939 [main] INFO  com.api.filters.LoggingFilter - Request Payload: {"username":"rajaprasath","password":"welcome"}
16:40:06.134 [main] INFO  com.api.filters.LoggingFilter - Status Code: 200
16:40:06.134 [main] INFO  com.api.filters.LoggingFilter - Response Header: Vary=Origin
Vary=Access-Control-Request-Method
Vary=Access-Control-Request-Headers
Access-Control-Allow-Origin=https://swift.techwithjatin.com
Access-Control-Allow-Methods=GET, POST, PUT, DELETE, OPTIONS
Access-Control-Max-Age=3600
Access-Control-Allow-Headers=Authorization, Content-Type, Accept
Access-Control-Allow-Credentials=true
X-Content-Type-Options=nosniff
X-XSS-Protection=0
Cache-Control=no-cache, no-store, max-age=0, must-revalidate
Pragma=no-cache
Expires=0
X-Frame-Options=DENY
Content-Type=application/json
Transfer-Encoding=chunked
Date=Sat, 06 Jun 2026 11:10:07 GMT
Keep-Alive=timeout=60
Connection=keep-alive
16:40:06.135 [main] INFO  com.api.filters.LoggingFilter - Response Body: io.restassured.internal.RestAssuredResponseImpl@1515f782
16:40:06.137 [main] INFO  com.api.filters.LoggingFilter - {
    "token": "eyJhbGciOiJIUzI1NiJ9.eyJzdWIiOiJyYWphcHJhc2F0aCIsImlhdCI6MTc4MDc0NDIwNywiZXhwIjoxNzgwNzQ3ODA3fQ.Kxx9ntRBwmydVzOwI1oMbVSkg6807133on8SGisX6UA",
    "type": "Bearer",
    "id": 5199,
    "username": "rajaprasath",
    "email": "rajaprasath21@gmail.com",
    "roles": [
        "ROLE_USER"
    ]
}
16:40:06.137 [main] INFO  com.api.filters.LoggingFilter - ----------------------------------
16:40:06.138 [main] INFO  com.api.filters.LoggingFilter - BASE URI: http://64.227.160.186:8080
16:40:06.139 [main] INFO  com.api.filters.LoggingFilter - Request Header: Authorization=Bearer eyJhbGciOiJIUzI1NiJ9.eyJzdWIiOiJyYWphcHJhc2F0aCIsImlhdCI6MTc4MDc0NDIwNywiZXhwIjoxNzgwNzQ3ODA3fQ.Kxx9ntRBwmydVzOwI1oMbVSkg6807133on8SGisX6UA
Accept=*/*
16:40:06.139 [main] INFO  com.api.filters.LoggingFilter - Request Payload: null
16:40:06.275 [main] INFO  com.api.filters.LoggingFilter - Status Code: 200
16:40:06.275 [main] INFO  com.api.filters.LoggingFilter - Response Header: Vary=Origin
Vary=Access-Control-Request-Method
Vary=Access-Control-Request-Headers
Access-Control-Allow-Origin=https://swift.techwithjatin.com
Access-Control-Allow-Methods=GET, POST, PUT, DELETE, OPTIONS
Access-Control-Max-Age=3600
Access-Control-Allow-Headers=Authorization, Content-Type, Accept
Access-Control-Allow-Credentials=true
X-Content-Type-Options=nosniff
X-XSS-Protection=0
Cache-Control=no-cache, no-store, max-age=0, must-revalidate
Pragma=no-cache
Expires=0
X-Frame-Options=DENY
Content-Type=application/json
Transfer-Encoding=chunked
Date=Sat, 06 Jun 2026 11:10:08 GMT
Keep-Alive=timeout=60
Connection=keep-alive
16:40:06.275 [main] INFO  com.api.filters.LoggingFilter - Response Body: io.restassured.internal.RestAssuredResponseImpl@43e8f1c
16:40:06.276 [main] INFO  com.api.filters.LoggingFilter - {
    "id": 5199,
    "username": "rajaprasath",
    "email": "rajaprasath21@gmail.com",
    "firstName": "rajaprasath",
    "lastName": "marimuthu",
    "mobileNumber": "1234567890"
}
16:40:06.277 [main] INFO  com.api.filters.LoggingFilter - rajaprasath
16:40:06.277 [main] INFO  com.api.filters.LoggingFilter - Username Validation Passed!: rajaprasath
16:40:06.277 [main] INFO  com.api.filters.LoggingFilter - ----------------------------------
16:40:06.281 [main] INFO  com.api.filters.LoggingFilter - BASE URI: http://64.227.160.186:8080
16:40:06.282 [main] INFO  com.api.filters.LoggingFilter - Request Header: Authorization=Bearer eyJhbGciOiJIUzI1NiJ9.eyJzdWIiOiJyYWphcHJhc2F0aCIsImlhdCI6MTc4MDc0NDIwNywiZXhwIjoxNzgwNzQ3ODA3fQ.Kxx9ntRBwmydVzOwI1oMbVSkg6807133on8SGisX6UA
Accept=*/*
Authorization=Bearer eyJhbGciOiJIUzI1NiJ9.eyJzdWIiOiJyYWphcHJhc2F0aCIsImlhdCI6MTc4MDc0NDIwNywiZXhwIjoxNzgwNzQ3ODA3fQ.Kxx9ntRBwmydVzOwI1oMbVSkg6807133on8SGisX6UA
Content-Type=application/json
16:40:06.282 [main] INFO  com.api.filters.LoggingFilter - Request Payload: {"firstName":"rajaprasath","lastName":"marimuthu","email":"rajaprasath21@gmail.com","mobileNumber":"1234567890"}
16:40:06.421 [main] INFO  com.api.filters.LoggingFilter - Status Code: 200
16:40:06.421 [main] INFO  com.api.filters.LoggingFilter - Response Header: Vary=Origin
Vary=Access-Control-Request-Method
Vary=Access-Control-Request-Headers
Access-Control-Allow-Origin=https://swift.techwithjatin.com
Access-Control-Allow-Methods=GET, POST, PUT, DELETE, OPTIONS
Access-Control-Max-Age=3600
Access-Control-Allow-Headers=Authorization, Content-Type, Accept
Access-Control-Allow-Credentials=true
X-Content-Type-Options=nosniff
X-XSS-Protection=0
Cache-Control=no-cache, no-store, max-age=0, must-revalidate
Pragma=no-cache
Expires=0
X-Frame-Options=DENY
Content-Type=application/json
Transfer-Encoding=chunked
Date=Sat, 06 Jun 2026 11:10:08 GMT
Keep-Alive=timeout=60
Connection=keep-alive
16:40:06.421 [main] INFO  com.api.filters.LoggingFilter - Response Body: io.restassured.internal.RestAssuredResponseImpl@3dea226b
16:40:06.422 [main] INFO  com.api.filters.LoggingFilter - {
    "id": 5199,
    "username": "rajaprasath",
    "email": "rajaprasath21@gmail.com",
    "firstName": "rajaprasath",
    "lastName": "marimuthu",
    "mobileNumber": "1234567890"
}
16:40:06.422 [main] INFO  com.api.filters.LoggingFilter - 200
16:40:06.422 [main] INFO  com.api.filters.LoggingFilter - The Profile updated Successfully!
]]></system-out>
  </testcase>
</testsuite>