<?xml version="1.0" encoding="UTF-8"?>
<testsuite xmlns:xsi="http://www.w3.org/2001/XMLSchema-instance" xsi:noNamespaceSchemaLocation="https://maven.apache.org/surefire/maven-surefire-plugin/xsd/surefire-test-report.xsd" version="3.0.1" name="TestSuite" time="2.776" tests="4" errors="0" skipped="0" failures="0">
  <properties>
[...]
</properties>
  <testcase name="loginTest" classname="com.api.tests.LoginApiTest3" time="0.964">
    <system-out><![CDATA[14:37:08.746 [main] INFO  com.api.listeners.TestListener - Test Suite started..
14:37:08.844 [main] INFO  com.api.listeners.TestListener - Test Started!!! -> loginTest
14:37:08.845 [main] INFO  com.api.listeners.TestListener - Description!! -> 
14:37:09.392 [main] INFO  com.api.filters.LoggingFilter - BASE URI: http://64.227.160.186:8080
14:37:09.393 [main] INFO  com.api.filters.LoggingFilter - Request Header: Accept=*/*
Content-Type=application/json
14:37:09.393 [main] INFO  com.api.filters.LoggingFilter - Request Payload: {"username":"rajaprasath","password":"welcome"}
14:37:09.773 [main] INFO  com.api.filters.LoggingFilter - Status Code: 200
14:37:09.773 [main] INFO  com.api.filters.LoggingFilter - Response Header: Vary=Origin
Vary=Access-Control-Request-Method
Vary=Access-Control-Request-Headers
Access-Control-Allow-Origin=https://swift.techwithjatin.com
Access-Control-Allow-Methods=GET, POST, PUT, DELETE, OPTIONS
Access-Control-Max-Age=3600
Access-Control-Allow-Headers=Authorization, Content-Type, Accept
Access-Control-Allow-Credentials=true
X-Content-Type-Options=nosniff
X-XSS-Protection=0
Cache-Control=no-cache, no-store, max-age=0, must-revalidate
Pragma=no-cache
Expires=0
X-Frame-Options=DENY
Content-Type=application/json
Transfer-Encoding=chunked
Date=Mon, 18 May 2026 09:07:10 GMT
Keep-Alive=timeout=60
Connection=keep-alive
14:37:09.773 [main] INFO  com.api.filters.LoggingFilter - Response Body: io.restassured.internal.RestAssuredResponseImpl@42507640
{
    "token": "eyJhbGciOiJIUzI1NiJ9.eyJzdWIiOiJyYWphcHJhc2F0aCIsImlhdCI6MTc3OTA5NTIzMCwiZXhwIjoxNzc5MDk4ODMwfQ.DKRrIeVQkkY1-fV64pM450sw8IWKNNrnPeDN-RXaPBE",
    "type": "Bearer",
    "id": 5199,
    "username": "rajaprasath",
    "email": "rajaprasath21@gmail.com",
    "roles": [
        "ROLE_USER"
    ]
}
eyJhbGciOiJIUzI1NiJ9.eyJzdWIiOiJyYWphcHJhc2F0aCIsImlhdCI6MTc3OTA5NTIzMCwiZXhwIjoxNzc5MDk4ODMwfQ.DKRrIeVQkkY1-fV64pM450sw8IWKNNrnPeDN-RXaPBE
rajaprasath21@gmail.com
5199
]]></system-out>
    <system-err><![CDATA[SLF4J: Failed to load class "org.slf4j.impl.StaticLoggerBinder".
SLF4J: Defaulting to no-operation (NOP) logger implementation
SLF4J: See http://www.slf4j.org/codes.html#StaticLoggerBinder for further details.
]]></system-err>
  </testcase>
  <testcase name="forgotPasswordTest" classname="com.api.tests.ForgotPasswordTest" time="0.123">
    <system-out><![CDATA[14:37:09.810 [main] INFO  com.api.listeners.TestListener - Test Passed!!! -> loginTest
14:37:09.811 [main] INFO  com.api.listeners.TestListener - Description!! -> 
14:37:09.812 [main] INFO  com.api.listeners.TestListener - Test Started!!! -> forgotPasswordTest
14:37:09.812 [main] INFO  com.api.listeners.TestListener - Description!! -> verify if forgot password API is working...
manual
{email=rajaprasath21@gmail.com}
14:37:09.819 [main] INFO  com.api.filters.LoggingFilter - BASE URI: http://64.227.160.186:8080
14:37:09.819 [main] INFO  com.api.filters.LoggingFilter - Request Header: Accept=*/*
Content-Type=application/json
14:37:09.819 [main] INFO  com.api.filters.LoggingFilter - Request Payload: {"email":"rajaprasath21@gmail.com"}
14:37:09.934 [main] INFO  com.api.filters.LoggingFilter - Status Code: 500
14:37:09.934 [main] INFO  com.api.filters.LoggingFilter - Response Header: Vary=Origin
Vary=Access-Control-Request-Method
Vary=Access-Control-Request-Headers
Access-Control-Allow-Origin=https://swift.techwithjatin.com
Access-Control-Allow-Methods=GET, POST, PUT, DELETE, OPTIONS
Access-Control-Max-Age=3600
Access-Control-Allow-Headers=Authorization, Content-Type, Accept
Access-Control-Allow-Credentials=true
X-Content-Type-Options=nosniff
X-XSS-Protection=0
Cache-Control=no-cache, no-store, max-age=0, must-revalidate
Pragma=no-cache
Expires=0
X-Frame-Options=DENY
Content-Type=application/json
Transfer-Encoding=chunked
Date=Mon, 18 May 2026 09:07:10 GMT
Connection=close
14:37:09.934 [main] INFO  com.api.filters.LoggingFilter - Response Body: io.restassured.internal.RestAssuredResponseImpl@21ea996f
{
    "timestamp": "2026-05-18 09:07:10",
    "status": 500,
    "error": "System Error",
    "message": "An unexpected error occurred",
    "path": "uri=/api/auth/forgot-password",
    "solution": "Please try again later or contact support",
    "errorCode": "SYS_001"
}
]]></system-out>
  </testcase>
  <testcase name="getProfileInfoTest[rajaprasath, welcome](1)" classname="com.api.tests.GetProfileRequestTest" time="0.316">
    <system-out><![CDATA[14:37:09.936 [main] INFO  com.api.listeners.TestListener - Test Passed!!! -> forgotPasswordTest
14:37:09.936 [main] INFO  com.api.listeners.TestListener - Description!! -> verify if forgot password API is working...
14:37:10.209 [main] INFO  com.api.listeners.TestListener - Test Started!!! -> getProfileInfoTest
14:37:10.210 [main] INFO  com.api.listeners.TestListener - Description!! -> 
14:37:10.215 [main] INFO  com.api.filters.LoggingFilter - BASE URI: http://64.227.160.186:8080
14:37:10.215 [main] INFO  com.api.filters.LoggingFilter - Request Header: Accept=*/*
Content-Type=application/json
14:37:10.215 [main] INFO  com.api.filters.LoggingFilter - Request Payload: {"username":"rajaprasath","password":"welcome"}
14:37:10.390 [main] INFO  com.api.filters.LoggingFilter - Status Code: 200
14:37:10.390 [main] INFO  com.api.filters.LoggingFilter - Response Header: Vary=Origin
Vary=Access-Control-Request-Method
Vary=Access-Control-Request-Headers
Access-Control-Allow-Origin=https://swift.techwithjatin.com
Access-Control-Allow-Methods=GET, POST, PUT, DELETE, OPTIONS
Access-Control-Max-Age=3600
Access-Control-Allow-Headers=Authorization, Content-Type, Accept
Access-Control-Allow-Credentials=true
X-Content-Type-Options=nosniff
X-XSS-Protection=0
Cache-Control=no-cache, no-store, max-age=0, must-revalidate
Pragma=no-cache
Expires=0
X-Frame-Options=DENY
Content-Type=application/json
Transfer-Encoding=chunked
Date=Mon, 18 May 2026 09:07:11 GMT
Keep-Alive=timeout=60
Connection=keep-alive
14:37:10.390 [main] INFO  com.api.filters.LoggingFilter - Response Body: io.restassured.internal.RestAssuredResponseImpl@19ae36f4
14:37:10.393 [main] INFO  com.api.filters.LoggingFilter - {
    "token": "eyJhbGciOiJIUzI1NiJ9.eyJzdWIiOiJyYWphcHJhc2F0aCIsImlhdCI6MTc3OTA5NTIzMSwiZXhwIjoxNzc5MDk4ODMxfQ.v2SZOG8OTCYAsjZNV84eltrME9LEIBjipMWOM-hVOOs",
    "type": "Bearer",
    "id": 5199,
    "username": "rajaprasath",
    "email": "rajaprasath21@gmail.com",
    "roles": [
        "ROLE_USER"
    ]
}
14:37:10.393 [main] INFO  com.api.filters.LoggingFilter - ----------------------------------
14:37:10.413 [main] INFO  com.api.filters.LoggingFilter - BASE URI: http://64.227.160.186:8080
14:37:10.414 [main] INFO  com.api.filters.LoggingFilter - Request Header: Authorization=Bearer eyJhbGciOiJIUzI1NiJ9.eyJzdWIiOiJyYWphcHJhc2F0aCIsImlhdCI6MTc3OTA5NTIzMSwiZXhwIjoxNzc5MDk4ODMxfQ.v2SZOG8OTCYAsjZNV84eltrME9LEIBjipMWOM-hVOOs
Accept=*/*
14:37:10.414 [main] INFO  com.api.filters.LoggingFilter - Request Payload: null
14:37:10.522 [main] INFO  com.api.filters.LoggingFilter - Status Code: 200
14:37:10.522 [main] INFO  com.api.filters.LoggingFilter - Response Header: Vary=Origin
Vary=Access-Control-Request-Method
Vary=Access-Control-Request-Headers
Access-Control-Allow-Origin=https://swift.techwithjatin.com
Access-Control-Allow-Methods=GET, POST, PUT, DELETE, OPTIONS
Access-Control-Max-Age=3600
Access-Control-Allow-Headers=Authorization, Content-Type, Accept
Access-Control-Allow-Credentials=true
X-Content-Type-Options=nosniff
X-XSS-Protection=0
Cache-Control=no-cache, no-store, max-age=0, must-revalidate
Pragma=no-cache
Expires=0
X-Frame-Options=DENY
Content-Type=application/json
Transfer-Encoding=chunked
Date=Mon, 18 May 2026 09:07:11 GMT
Keep-Alive=timeout=60
Connection=keep-alive
14:37:10.522 [main] INFO  com.api.filters.LoggingFilter - Response Body: io.restassured.internal.RestAssuredResponseImpl@8077c97
14:37:10.523 [main] INFO  com.api.filters.LoggingFilter - {
    "id": 5199,
    "username": "rajaprasath",
    "email": "rajaprasath21@gmail.com",
    "firstName": "rajaprasath",
    "lastName": "marimuthu",
    "mobileNumber": "1234567890"
}
14:37:10.525 [main] INFO  com.api.filters.LoggingFilter - rajaprasath
14:37:10.525 [main] INFO  com.api.filters.LoggingFilter - Username Validation Passed! : rajaprasath
]]></system-out>
  </testcase>
  <testcase name="updateProfileTest[rajaprasath, welcome](1)" classname="com.api.tests.UpdateProfileTest" time="0.406">
    <system-out><![CDATA[14:37:10.526 [main] INFO  com.api.listeners.TestListener - Test Passed!!! -> getProfileInfoTest
14:37:10.526 [main] INFO  com.api.listeners.TestListener - Description!! -> 
14:37:10.541 [main] INFO  com.api.listeners.TestListener - Test Started!!! -> updateProfileTest
14:37:10.541 [main] INFO  com.api.listeners.TestListener - Description!! -> 
14:37:10.544 [main] INFO  com.api.filters.LoggingFilter - BASE URI: http://64.227.160.186:8080
14:37:10.544 [main] INFO  com.api.filters.LoggingFilter - Request Header: Accept=*/*
Content-Type=application/json
14:37:10.544 [main] INFO  com.api.filters.LoggingFilter - Request Payload: {"username":"rajaprasath","password":"welcome"}
14:37:10.717 [main] INFO  com.api.filters.LoggingFilter - Status Code: 200
14:37:10.717 [main] INFO  com.api.filters.LoggingFilter - Response Header: Vary=Origin
Vary=Access-Control-Request-Method
Vary=Access-Control-Request-Headers
Access-Control-Allow-Origin=https://swift.techwithjatin.com
Access-Control-Allow-Methods=GET, POST, PUT, DELETE, OPTIONS
Access-Control-Max-Age=3600
Access-Control-Allow-Headers=Authorization, Content-Type, Accept
Access-Control-Allow-Credentials=true
X-Content-Type-Options=nosniff
X-XSS-Protection=0
Cache-Control=no-cache, no-store, max-age=0, must-revalidate
Pragma=no-cache
Expires=0
X-Frame-Options=DENY
Content-Type=application/json
Transfer-Encoding=chunked
Date=Mon, 18 May 2026 09:07:11 GMT
Keep-Alive=timeout=60
Connection=keep-alive
14:37:10.717 [main] INFO  com.api.filters.LoggingFilter - Response Body: io.restassured.internal.RestAssuredResponseImpl@5773d271
14:37:10.719 [main] INFO  com.api.filters.LoggingFilter - {
    "token": "eyJhbGciOiJIUzI1NiJ9.eyJzdWIiOiJyYWphcHJhc2F0aCIsImlhdCI6MTc3OTA5NTIzMSwiZXhwIjoxNzc5MDk4ODMxfQ.v2SZOG8OTCYAsjZNV84eltrME9LEIBjipMWOM-hVOOs",
    "type": "Bearer",
    "id": 5199,
    "username": "rajaprasath",
    "email": "rajaprasath21@gmail.com",
    "roles": [
        "ROLE_USER"
    ]
}
14:37:10.719 [main] INFO  com.api.filters.LoggingFilter - ----------------------------------
14:37:10.720 [main] INFO  com.api.filters.LoggingFilter - BASE URI: http://64.227.160.186:8080
14:37:10.721 [main] INFO  com.api.filters.LoggingFilter - Request Header: Authorization=Bearer eyJhbGciOiJIUzI1NiJ9.eyJzdWIiOiJyYWphcHJhc2F0aCIsImlhdCI6MTc3OTA5NTIzMSwiZXhwIjoxNzc5MDk4ODMxfQ.v2SZOG8OTCYAsjZNV84eltrME9LEIBjipMWOM-hVOOs
Accept=*/*
14:37:10.721 [main] INFO  com.api.filters.LoggingFilter - Request Payload: null
14:37:10.831 [main] INFO  com.api.filters.LoggingFilter - Status Code: 200
14:37:10.832 [main] INFO  com.api.filters.LoggingFilter - Response Header: Vary=Origin
Vary=Access-Control-Request-Method
Vary=Access-Control-Request-Headers
Access-Control-Allow-Origin=https://swift.techwithjatin.com
Access-Control-Allow-Methods=GET, POST, PUT, DELETE, OPTIONS
Access-Control-Max-Age=3600
Access-Control-Allow-Headers=Authorization, Content-Type, Accept
Access-Control-Allow-Credentials=true
X-Content-Type-Options=nosniff
X-XSS-Protection=0
Cache-Control=no-cache, no-store, max-age=0, must-revalidate
Pragma=no-cache
Expires=0
X-Frame-Options=DENY
Content-Type=application/json
Transfer-Encoding=chunked
Date=Mon, 18 May 2026 09:07:11 GMT
Keep-Alive=timeout=60
Connection=keep-alive
14:37:10.832 [main] INFO  com.api.filters.LoggingFilter - Response Body: io.restassured.internal.RestAssuredResponseImpl@4ebd6fd6
14:37:10.832 [main] INFO  com.api.filters.LoggingFilter - {
    "id": 5199,
    "username": "rajaprasath",
    "email": "rajaprasath21@gmail.com",
    "firstName": "rajaprasath",
    "lastName": "marimuthu",
    "mobileNumber": "1234567890"
}
14:37:10.833 [main] INFO  com.api.filters.LoggingFilter - rajaprasath
14:37:10.834 [main] INFO  com.api.filters.LoggingFilter - Username Validation Passed!: rajaprasath
14:37:10.834 [main] INFO  com.api.filters.LoggingFilter - ----------------------------------
14:37:10.837 [main] INFO  com.api.filters.LoggingFilter - BASE URI: http://64.227.160.186:8080
14:37:10.837 [main] INFO  com.api.filters.LoggingFilter - Request Header: Authorization=Bearer eyJhbGciOiJIUzI1NiJ9.eyJzdWIiOiJyYWphcHJhc2F0aCIsImlhdCI6MTc3OTA5NTIzMSwiZXhwIjoxNzc5MDk4ODMxfQ.v2SZOG8OTCYAsjZNV84eltrME9LEIBjipMWOM-hVOOs
Accept=*/*
Authorization=Bearer eyJhbGciOiJIUzI1NiJ9.eyJzdWIiOiJyYWphcHJhc2F0aCIsImlhdCI6MTc3OTA5NTIzMSwiZXhwIjoxNzc5MDk4ODMxfQ.v2SZOG8OTCYAsjZNV84eltrME9LEIBjipMWOM-hVOOs
Content-Type=application/json
14:37:10.837 [main] INFO  com.api.filters.LoggingFilter - Request Payload: {"firstName":"rajaprasath","lastName":"marimuthu","email":"rajaprasath21@gmail.com","mobileNumber":"1234567890"}
14:37:10.946 [main] INFO  com.api.filters.LoggingFilter - Status Code: 200
14:37:10.946 [main] INFO  com.api.filters.LoggingFilter - Response Header: Vary=Origin
Vary=Access-Control-Request-Method
Vary=Access-Control-Request-Headers
Access-Control-Allow-Origin=https://swift.techwithjatin.com
Access-Control-Allow-Methods=GET, POST, PUT, DELETE, OPTIONS
Access-Control-Max-Age=3600
Access-Control-Allow-Headers=Authorization, Content-Type, Accept
Access-Control-Allow-Credentials=true
X-Content-Type-Options=nosniff
X-XSS-Protection=0
Cache-Control=no-cache, no-store, max-age=0, must-revalidate
Pragma=no-cache
Expires=0
X-Frame-Options=DENY
Content-Type=application/json
Transfer-Encoding=chunked
Date=Mon, 18 May 2026 09:07:11 GMT
Keep-Alive=timeout=60
Connection=keep-alive
14:37:10.946 [main] INFO  com.api.filters.LoggingFilter - Response Body: io.restassured.internal.RestAssuredResponseImpl@13aed42b
14:37:10.946 [main] INFO  com.api.filters.LoggingFilter - {
    "id": 5199,
    "username": "rajaprasath",
    "email": "rajaprasath21@gmail.com",
    "firstName": "rajaprasath",
    "lastName": "marimuthu",
    "mobileNumber": "1234567890"
}
14:37:10.947 [main] INFO  com.api.filters.LoggingFilter - 200
14:37:10.948 [main] INFO  com.api.filters.LoggingFilter - The Profile updated Successfully!
]]></system-out>
  </testcase>
</testsuite>