<?xml version="1.0" encoding="UTF-8"?>
<testng-results ignored="0" total="3" passed="3" failed="0" skipped="0">
  <reporter-output>
  </reporter-output>
  <suite started-at="2026-05-19T08:45:28 IST" name="API Test Suite" finished-at="2026-05-19T08:45:30 IST" duration-ms="2232">
    <groups>
    </groups>
    <test started-at="2026-05-19T08:45:28 IST" name="API Test" finished-at="2026-05-19T08:45:30 IST" duration-ms="2232">
      <class name="com.api.tests.UpdateProfileTest">
        <test-method signature="updateProfileTest(java.lang.String,java.lang.String)[pri:0, instance:com.api.tests.UpdateProfileTest@7efaad5a]" started-at="2026-05-19T08:45:29 IST" name="updateProfileTest" data-provider="validLoginData" finished-at="2026-05-19T08:45:30 IST" duration-ms="421" status="PASS">
          <params>
            <param index="0">
              <value>
                <![CDATA[rajaprasath]]>
              </value>
            </param>
            <param index="1">
              <value>
                <![CDATA[welcome]]>
              </value>
            </param>
          </params>
          <reporter-output>
          </reporter-output>
        </test-method> <!-- updateProfileTest -->
      </class> <!-- com.api.tests.UpdateProfileTest -->
      <class name="com.api.tests.LoginApiTest3">
        <test-method signature="loginTest(java.lang.String,java.lang.String)[pri:0, instance:com.api.tests.LoginApiTest3@78641d23]" started-at="2026-05-19T08:45:28 IST" name="loginTest" data-provider="validLoginData" finished-at="2026-05-19T08:45:29 IST" duration-ms="1054" status="PASS">
          <params>
            <param index="0">
              <value>
                <![CDATA[rajaprasath]]>
              </value>
            </param>
            <param index="1">
              <value>
                <![CDATA[welcome]]>
              </value>
            </param>
          </params>
          <reporter-output>
          </reporter-output>
        </test-method> <!-- loginTest -->
      </class> <!-- com.api.tests.LoginApiTest3 -->
      <class name="com.api.tests.GetProfileRequestTest">
        <test-method signature="getProfileInfoTest(java.lang.String,java.lang.String)[pri:0, instance:com.api.tests.GetProfileRequestTest@6af9fcb2]" started-at="2026-05-19T08:45:29 IST" name="getProfileInfoTest" data-provider="validLoginData" finished-at="2026-05-19T08:45:29 IST" duration-ms="326" status="PASS">
          <params>
            <param index="0">
              <value>
                <![CDATA[rajaprasath]]>
              </value>
            </param>
            <param index="1">
              <value>
                <![CDATA[welcome]]>
              </value>
            </param>
          </params>
          <reporter-output>
          </reporter-output>
        </test-method> <!-- getProfileInfoTest -->
      </class> <!-- com.api.tests.GetProfileRequestTest -->
    </test> <!-- API Test -->
  </suite> <!-- API Test Suite -->
</testng-results>
