<?xml version="1.0" encoding="UTF-8"?>
<!-- Generated by org.testng.reporters.JUnitXMLReporter -->
<testsuite ignored="0" hostname="DESKTOP-CHHNRAA" failures="0" tests="3" name="API Test" time="2.454" errors="0" timestamp="2026-06-06T16:06:37 IST">
  <testcase classname="com.api.tests.LoginApiTest3" name="loginTest" time="1.036"/>
  <testcase classname="com.api.tests.GetProfileRequestTest" name="getProfileInfoTest" time="0.369"/>
  <testcase classname="com.api.tests.UpdateProfileTest" name="updateProfileTest" time="0.498"/>
</testsuite> <!-- API Test -->
