<?xml version="1.0" encoding="UTF-8"?>
<!-- Generated by org.testng.reporters.JUnitXMLReporter -->
<testsuite ignored="0" hostname="DESKTOP-CHHNRAA" failures="0" tests="3" name="API Test" time="2.115" errors="0" timestamp="2026-05-19T08:43:13 IST">
  <testcase classname="com.api.tests.LoginApiTest3" name="loginTest" time="0.939"/>
  <testcase classname="com.api.tests.GetProfileRequestTest" name="getProfileInfoTest" time="0.325"/>
  <testcase classname="com.api.tests.UpdateProfileTest" name="updateProfileTest" time="0.431"/>
</testsuite> <!-- API Test -->
