<?xml version="1.0" encoding="UTF-8"?>
<testng-results ignored="0" total="3" passed="3" failed="0" skipped="0">
  <reporter-output>
  </reporter-output>
  <suite started-at="2026-06-06T16:06:35 IST" name="API Test Suite" finished-at="2026-06-06T16:06:37 IST" duration-ms="2454">
    <groups>
    </groups>
    <test started-at="2026-06-06T16:06:35 IST" name="API Test" finished-at="2026-06-06T16:06:37 IST" duration-ms="2454">
      <class name="com.api.tests.UpdateProfileTest">
        <test-method signature="updateProfileTest(java.lang.String,java.lang.String)[pri:0, instance:com.api.tests.UpdateProfileTest@24111ef1]" started-at="2026-06-06T16:06:37 IST" name="updateProfileTest" data-provider="validLoginData" finished-at="2026-06-06T16:06:37 IST" duration-ms="498" status="PASS">
          <params>
            <param index="0">
              <value>
                <![CDATA[rajaprasath]]>
              </value>
            </param>
            <param index="1">
              <value>
                <![CDATA[welcome]]>
              </value>
            </param>
          </params>
          <reporter-output>
          </reporter-output>
        </test-method> <!-- updateProfileTest -->
      </class> <!-- com.api.tests.UpdateProfileTest -->
      <class name="com.api.tests.LoginApiTest3">
        <test-method signature="loginTest(java.lang.String,java.lang.String)[pri:0, instance:com.api.tests.LoginApiTest3@1b7c473a]" started-at="2026-06-06T16:06:35 IST" name="loginTest" data-provider="validLoginData" finished-at="2026-06-06T16:06:36 IST" duration-ms="1036" status="PASS">
          <params>
            <param index="0">
              <value>
                <![CDATA[rajaprasath]]>
              </value>
            </param>
            <param index="1">
              <value>
                <![CDATA[welcome]]>
              </value>
            </param>
          </params>
          <reporter-output>
          </reporter-output>
        </test-method> <!-- loginTest -->
      </class> <!-- com.api.tests.LoginApiTest3 -->
      <class name="com.api.tests.GetProfileRequestTest">
        <test-method signature="getProfileInfoTest(java.lang.String,java.lang.String)[pri:0, instance:com.api.tests.GetProfileRequestTest@6c0d9d86]" started-at="2026-06-06T16:06:36 IST" name="getProfileInfoTest" data-provider="validLoginData" finished-at="2026-06-06T16:06:37 IST" duration-ms="369" status="PASS">
          <params>
            <param index="0">
              <value>
                <![CDATA[rajaprasath]]>
              </value>
            </param>
            <param index="1">
              <value>
                <![CDATA[welcome]]>
              </value>
            </param>
          </params>
          <reporter-output>
          </reporter-output>
        </test-method> <!-- getProfileInfoTest -->
      </class> <!-- com.api.tests.GetProfileRequestTest -->
    </test> <!-- API Test -->
  </suite> <!-- API Test Suite -->
</testng-results>
