<?xml version="1.0" encoding="UTF-8"?>
<testng-results ignored="0" total="1" passed="1" failed="0" skipped="0">
  <reporter-output>
  </reporter-output>
  <suite started-at="2026-05-18T14:34:20 IST" name="Default suite" finished-at="2026-05-18T14:34:21 IST" duration-ms="1067">
    <groups>
    </groups>
    <test started-at="2026-05-18T14:34:20 IST" name="Default test" finished-at="2026-05-18T14:34:21 IST" duration-ms="1067">
      <class name="com.api.tests.ForgotPasswordTest">
        <test-method signature="forgotPasswordTest()[pri:0, instance:com.api.tests.ForgotPasswordTest@14cd1699]" started-at="2026-05-18T14:34:20 IST" name="forgotPasswordTest" description="verify if forgot password API is working..." finished-at="2026-05-18T14:34:21 IST" duration-ms="1045" status="PASS">
          <reporter-output>
          </reporter-output>
        </test-method> <!-- forgotPasswordTest -->
      </class> <!-- com.api.tests.ForgotPasswordTest -->
    </test> <!-- Default test -->
  </suite> <!-- Default suite -->
</testng-results>
