<?xml version="1.0" encoding="UTF-8"?>
<!-- Generated by org.testng.reporters.JUnitXMLReporter -->
<testsuite ignored="0" hostname="DESKTOP-CHHNRAA" failures="0" tests="4" name="API Test" time="1.795" errors="0" timestamp="2026-05-18T12:49:20 IST">
  <testcase classname="com.api.tests.LoginApiTest3" name="loginTest" time="0.878"/>
  <testcase classname="com.api.tests.ForgotPasswordTest" name="forgotPasswordTest" time="0.116"/>
  <testcase classname="com.api.tests.GetProfileRequestTest" name="getProfileInfoTest" time="0.3"/>
  <testcase classname="com.api.tests.UpdateProfileTest" name="updateProfileTest" time="0.395"/>
</testsuite> <!-- API Test -->
